Command line invocation:
    /Applications/Xcode.app/Contents/Developer/usr/bin/xcodebuild -project "/Users/benjibenjamin/Desktop/New Projects/youtubeapp/youtubeapp.xcodeproj" -scheme youtubeapp -destination generic/platform=iOS clean archive -archivePath /var/folders/_l/7zxn70sx1pg80_rx2ttc78wr0000gp/T/__codesigndoc__122247922/youtubeapp.xcarchive

User defaults from command line:
    IDEArchivePathOverride = /var/folders/_l/7zxn70sx1pg80_rx2ttc78wr0000gp/T/__codesigndoc__122247922/youtubeapp.xcarchive
    IDEPackageSupportUseBuiltinSCM = YES

2022-03-07 06:47:53.004 xcodebuild[44114:2368851]  DVTAssertions: Warning in /Library/Caches/com.apple.xbs/Sources/DVTiOSFrameworks/DVTiOSFrameworks-19527/DTDeviceKitBase/DTDKRemoteDeviceData.m:373
Details:  (null) deviceType from 902fac4b1d24bdffda0d7ab5b92eb63077f9a140 was NULL when -platform called.
Object:   <DTDKMobileDeviceToken: 0x7fc3468f34a0>
Method:   -platform
Thread:   <NSThread: 0x7fc3469a3830>{number = 4, name = (null)}
Please file a bug at https://feedbackassistant.apple.com with this warning message and any useful information you can provide.
2022-03-07 06:47:53.228 xcodebuild[44114:2368943]  DVTAssertions: Warning in /Library/Caches/com.apple.xbs/Sources/DVTiOSFrameworks/DVTiOSFrameworks-19527/DTDeviceKitBase/DTDKRemoteDeviceData.m:373
Details:  (null) deviceType from 902fac4b1d24bdffda0d7ab5b92eb63077f9a140 was NULL when -platform called.
Object:   <DTDKMobileDeviceToken: 0x7fc3468f34a0>
Method:   -platform
Thread:   <NSThread: 0x7fc343e14f80>{number = 8, name = (null)}
Please file a bug at https://feedbackassistant.apple.com with this warning message and any useful information you can provide.
2022-03-07 06:47:53.387 xcodebuild[44114:2368943]  DVTAssertions: Warning in /Library/Caches/com.apple.xbs/Sources/DVTiOSFrameworks/DVTiOSFrameworks-19527/DTDeviceKitBase/DTDKRemoteDeviceData.m:373
Details:  (null) deviceType from 902fac4b1d24bdffda0d7ab5b92eb63077f9a140 was NULL when -platform called.
Object:   <DTDKMobileDeviceToken: 0x7fc3468f34a0>
Method:   -platform
Thread:   <NSThread: 0x7fc343e14f80>{number = 8, name = (null)}
Please file a bug at https://feedbackassistant.apple.com with this warning message and any useful information you can provide.
note: Using new build system
note: Build preparation complete

** CLEAN SUCCEEDED **

note: Using new build system
note: Planning
Analyze workspace

Create build description
Build description signature: 3c720474db4ec085fa61a385203687f0
Build description path: /Users/benjibenjamin/Library/Developer/Xcode/DerivedData/youtubeapp-eyxoijrdszbdjeaylqhcmxrhixmd/Build/Intermediates.noindex/ArchiveIntermediates/youtubeapp/IntermediateBuildFilesPath/XCBuildData/3c720474db4ec085fa61a385203687f0-desc.xcbuild

note: Build preparation complete
note: Building targets in dependency order
CreateBuildDirectory /Users/benjibenjamin/Library/Developer/Xcode/DerivedData/youtubeapp-eyxoijrdszbdjeaylqhcmxrhixmd/Build/Intermediates.noindex/ArchiveIntermediates/youtubeapp/InstallationBuildProductsLocation
    cd /Users/benjibenjamin/Desktop/New\ Projects/youtubeapp/youtubeapp.xcodeproj
    builtin-create-build-directory /Users/benjibenjamin/Library/Developer/Xcode/DerivedData/youtubeapp-eyxoijrdszbdjeaylqhcmxrhixmd/Build/Intermediates.noindex/ArchiveIntermediates/youtubeapp/InstallationBuildProductsLocation

CreateBuildDirectory /Users/benjibenjamin/Library/Developer/Xcode/DerivedData/youtubeapp-eyxoijrdszbdjeaylqhcmxrhixmd/Build/Intermediates.noindex/ArchiveIntermediates/youtubeapp/IntermediateBuildFilesPath
    cd /Users/benjibenjamin/Desktop/New\ Projects/youtubeapp/youtubeapp.xcodeproj
    builtin-create-build-directory /Users/benjibenjamin/Library/Developer/Xcode/DerivedData/youtubeapp-eyxoijrdszbdjeaylqhcmxrhixmd/Build/Intermediates.noindex/ArchiveIntermediates/youtubeapp/IntermediateBuildFilesPath

CreateBuildDirectory /Users/benjibenjamin/Library/Developer/Xcode/DerivedData/youtubeapp-eyxoijrdszbdjeaylqhcmxrhixmd/Build/Intermediates.noindex/ArchiveIntermediates/youtubeapp/BuildProductsPath
    cd /Users/benjibenjamin/Desktop/New\ Projects/youtubeapp/youtubeapp.xcodeproj
    builtin-create-build-directory /Users/benjibenjamin/Library/Developer/Xcode/DerivedData/youtubeapp-eyxoijrdszbdjeaylqhcmxrhixmd/Build/Intermediates.noindex/ArchiveIntermediates/youtubeapp/BuildProductsPath

CreateBuildDirectory /Users/benjibenjamin/Library/Developer/Xcode/DerivedData/youtubeapp-eyxoijrdszbdjeaylqhcmxrhixmd/Build/Intermediates.noindex/ArchiveIntermediates/youtubeapp/BuildProductsPath/Release-iphoneos
    cd /Users/benjibenjamin/Desktop/New\ Projects/youtubeapp/youtubeapp.xcodeproj
    builtin-create-build-directory /Users/benjibenjamin/Library/Developer/Xcode/DerivedData/youtubeapp-eyxoijrdszbdjeaylqhcmxrhixmd/Build/Intermediates.noindex/ArchiveIntermediates/youtubeapp/BuildProductsPath/Release-iphoneos

SymLink /Users/benjibenjamin/Library/Developer/Xcode/DerivedData/youtubeapp-eyxoijrdszbdjeaylqhcmxrhixmd/Build/Intermediates.noindex/ArchiveIntermediates/youtubeapp/BuildProductsPath/Release-iphoneos/youtubeapp.app /Users/benjibenjamin/Library/Developer/Xcode/DerivedData/youtubeapp-eyxoijrdszbdjeaylqhcmxrhixmd/Build/Intermediates.noindex/ArchiveIntermediates/youtubeapp/InstallationBuildProductsLocation/Applications/youtubeapp.app (in target 'youtubeapp' from project 'youtubeapp')
    cd /Users/benjibenjamin/Desktop/New\ Projects/youtubeapp
    /bin/ln -sfh /Users/benjibenjamin/Library/Developer/Xcode/DerivedData/youtubeapp-eyxoijrdszbdjeaylqhcmxrhixmd/Build/Intermediates.noindex/ArchiveIntermediates/youtubeapp/InstallationBuildProductsLocation/Applications/youtubeapp.app /Users/benjibenjamin/Library/Developer/Xcode/DerivedData/youtubeapp-eyxoijrdszbdjeaylqhcmxrhixmd/Build/Intermediates.noindex/ArchiveIntermediates/youtubeapp/BuildProductsPath/Release-iphoneos/youtubeapp.app

MkDir /Users/benjibenjamin/Library/Developer/Xcode/DerivedData/youtubeapp-eyxoijrdszbdjeaylqhcmxrhixmd/Build/Intermediates.noindex/ArchiveIntermediates/youtubeapp/InstallationBuildProductsLocation/Applications/youtubeapp.app (in target 'youtubeapp' from project 'youtubeapp')
    cd /Users/benjibenjamin/Desktop/New\ Projects/youtubeapp
    /bin/mkdir -p /Users/benjibenjamin/Library/Developer/Xcode/DerivedData/youtubeapp-eyxoijrdszbdjeaylqhcmxrhixmd/Build/Intermediates.noindex/ArchiveIntermediates/youtubeapp/InstallationBuildProductsLocation/Applications/youtubeapp.app

ProcessProductPackaging /Users/benjibenjamin/Library/MobileDevice/Provisioning\ Profiles/4498467a-0494-4726-8cbe-5287092e330c.mobileprovision /Users/benjibenjamin/Library/Developer/Xcode/DerivedData/youtubeapp-eyxoijrdszbdjeaylqhcmxrhixmd/Build/Intermediates.noindex/ArchiveIntermediates/youtubeapp/InstallationBuildProductsLocation/Applications/youtubeapp.app/embedded.mobileprovision (in target 'youtubeapp' from project 'youtubeapp')
    cd /Users/benjibenjamin/Desktop/New\ Projects/youtubeapp
    builtin-productPackagingUtility /Users/benjibenjamin/Library/MobileDevice/Provisioning\ Profiles/4498467a-0494-4726-8cbe-5287092e330c.mobileprovision -o /Users/benjibenjamin/Library/Developer/Xcode/DerivedData/youtubeapp-eyxoijrdszbdjeaylqhcmxrhixmd/Build/Intermediates.noindex/ArchiveIntermediates/youtubeapp/InstallationBuildProductsLocation/Applications/youtubeapp.app/embedded.mobileprovision

WriteAuxiliaryFile /Users/benjibenjamin/Library/Developer/Xcode/DerivedData/youtubeapp-eyxoijrdszbdjeaylqhcmxrhixmd/Build/Intermediates.noindex/ArchiveIntermediates/youtubeapp/IntermediateBuildFilesPath/youtubeapp.build/Release-iphoneos/youtubeapp.build/DerivedSources/Entitlements.plist (in target 'youtubeapp' from project 'youtubeapp')
    cd /Users/benjibenjamin/Desktop/New\ Projects/youtubeapp
    write-file /Users/benjibenjamin/Library/Developer/Xcode/DerivedData/youtubeapp-eyxoijrdszbdjeaylqhcmxrhixmd/Build/Intermediates.noindex/ArchiveIntermediates/youtubeapp/IntermediateBuildFilesPath/youtubeapp.build/Release-iphoneos/youtubeapp.build/DerivedSources/Entitlements.plist

ProcessProductPackaging "" /Users/benjibenjamin/Library/Developer/Xcode/DerivedData/youtubeapp-eyxoijrdszbdjeaylqhcmxrhixmd/Build/Intermediates.noindex/ArchiveIntermediates/youtubeapp/IntermediateBuildFilesPath/youtubeapp.build/Release-iphoneos/youtubeapp.build/youtubeapp.app.xcent (in target 'youtubeapp' from project 'youtubeapp')
    cd /Users/benjibenjamin/Desktop/New\ Projects/youtubeapp
    
    Entitlements:
    
    {
    "application-identifier" = "3ZRJMVZ49H.com.benglobal";
    "com.apple.developer.team-identifier" = 3ZRJMVZ49H;
    "get-task-allow" = 1;
    "keychain-access-groups" =     (
        "3ZRJMVZ49H.com.benglobal"
    );
}
    
    builtin-productPackagingUtility -entitlements -format xml -o /Users/benjibenjamin/Library/Developer/Xcode/DerivedData/youtubeapp-eyxoijrdszbdjeaylqhcmxrhixmd/Build/Intermediates.noindex/ArchiveIntermediates/youtubeapp/IntermediateBuildFilesPath/youtubeapp.build/Release-iphoneos/youtubeapp.build/youtubeapp.app.xcent

WriteAuxiliaryFile /Users/benjibenjamin/Library/Developer/Xcode/DerivedData/youtubeapp-eyxoijrdszbdjeaylqhcmxrhixmd/Build/Intermediates.noindex/ArchiveIntermediates/youtubeapp/IntermediateBuildFilesPath/youtubeapp.build/Release-iphoneos/youtubeapp.build/youtubeapp.hmap (in target 'youtubeapp' from project 'youtubeapp')
    cd /Users/benjibenjamin/Desktop/New\ Projects/youtubeapp
    write-file /Users/benjibenjamin/Library/Developer/Xcode/DerivedData/youtubeapp-eyxoijrdszbdjeaylqhcmxrhixmd/Build/Intermediates.noindex/ArchiveIntermediates/youtubeapp/IntermediateBuildFilesPath/youtubeapp.build/Release-iphoneos/youtubeapp.build/youtubeapp.hmap

WriteAuxiliaryFile /Users/benjibenjamin/Library/Developer/Xcode/DerivedData/youtubeapp-eyxoijrdszbdjeaylqhcmxrhixmd/Build/Intermediates.noindex/ArchiveIntermediates/youtubeapp/IntermediateBuildFilesPath/youtubeapp.build/Release-iphoneos/youtubeapp.build/youtubeapp-project-headers.hmap (in target 'youtubeapp' from project 'youtubeapp')
    cd /Users/benjibenjamin/Desktop/New\ Projects/youtubeapp
    write-file /Users/benjibenjamin/Library/Developer/Xcode/DerivedData/youtubeapp-eyxoijrdszbdjeaylqhcmxrhixmd/Build/Intermediates.noindex/ArchiveIntermediates/youtubeapp/IntermediateBuildFilesPath/youtubeapp.build/Release-iphoneos/youtubeapp.build/youtubeapp-project-headers.hmap

WriteAuxiliaryFile /Users/benjibenjamin/Library/Developer/Xcode/DerivedData/youtubeapp-eyxoijrdszbdjeaylqhcmxrhixmd/Build/Intermediates.noindex/ArchiveIntermediates/youtubeapp/IntermediateBuildFilesPath/youtubeapp.build/Release-iphoneos/youtubeapp.build/youtubeapp-generated-files.hmap (in target 'youtubeapp' from project 'youtubeapp')
    cd /Users/benjibenjamin/Desktop/New\ Projects/youtubeapp
    write-file /Users/benjibenjamin/Library/Developer/Xcode/DerivedData/youtubeapp-eyxoijrdszbdjeaylqhcmxrhixmd/Build/Intermediates.noindex/ArchiveIntermediates/youtubeapp/IntermediateBuildFilesPath/youtubeapp.build/Release-iphoneos/youtubeapp.build/youtubeapp-generated-files.hmap

WriteAuxiliaryFile /Users/benjibenjamin/Library/Developer/Xcode/DerivedData/youtubeapp-eyxoijrdszbdjeaylqhcmxrhixmd/Build/Intermediates.noindex/ArchiveIntermediates/youtubeapp/IntermediateBuildFilesPath/youtubeapp.build/Release-iphoneos/youtubeapp.build/youtubeapp-own-target-headers.hmap (in target 'youtubeapp' from project 'youtubeapp')
    cd /Users/benjibenjamin/Desktop/New\ Projects/youtubeapp
    write-file /Users/benjibenjamin/Library/Developer/Xcode/DerivedData/youtubeapp-eyxoijrdszbdjeaylqhcmxrhixmd/Build/Intermediates.noindex/ArchiveIntermediates/youtubeapp/IntermediateBuildFilesPath/youtubeapp.build/Release-iphoneos/youtubeapp.build/youtubeapp-own-target-headers.hmap

WriteAuxiliaryFile /Users/benjibenjamin/Library/Developer/Xcode/DerivedData/youtubeapp-eyxoijrdszbdjeaylqhcmxrhixmd/Build/Intermediates.noindex/ArchiveIntermediates/youtubeapp/IntermediateBuildFilesPath/youtubeapp.build/Release-iphoneos/youtubeapp.build/youtubeapp-all-target-headers.hmap (in target 'youtubeapp' from project 'youtubeapp')
    cd /Users/benjibenjamin/Desktop/New\ Projects/youtubeapp
    write-file /Users/benjibenjamin/Library/Developer/Xcode/DerivedData/youtubeapp-eyxoijrdszbdjeaylqhcmxrhixmd/Build/Intermediates.noindex/ArchiveIntermediates/youtubeapp/IntermediateBuildFilesPath/youtubeapp.build/Release-iphoneos/youtubeapp.build/youtubeapp-all-target-headers.hmap

WriteAuxiliaryFile /Users/benjibenjamin/Library/Developer/Xcode/DerivedData/youtubeapp-eyxoijrdszbdjeaylqhcmxrhixmd/Build/Intermediates.noindex/ArchiveIntermediates/youtubeapp/IntermediateBuildFilesPath/youtubeapp.build/Release-iphoneos/youtubeapp.build/youtubeapp-all-non-framework-target-headers.hmap (in target 'youtubeapp' from project 'youtubeapp')
    cd /Users/benjibenjamin/Desktop/New\ Projects/youtubeapp
    write-file /Users/benjibenjamin/Library/Developer/Xcode/DerivedData/youtubeapp-eyxoijrdszbdjeaylqhcmxrhixmd/Build/Intermediates.noindex/ArchiveIntermediates/youtubeapp/IntermediateBuildFilesPath/youtubeapp.build/Release-iphoneos/youtubeapp.build/youtubeapp-all-non-framework-target-headers.hmap

WriteAuxiliaryFile /Users/benjibenjamin/Library/Developer/Xcode/DerivedData/youtubeapp-eyxoijrdszbdjeaylqhcmxrhixmd/Build/Intermediates.noindex/ArchiveIntermediates/youtubeapp/IntermediateBuildFilesPath/youtubeapp.build/Release-iphoneos/youtubeapp.build/all-product-headers.yaml (in target 'youtubeapp' from project 'youtubeapp')
    cd /Users/benjibenjamin/Desktop/New\ Projects/youtubeapp
    write-file /Users/benjibenjamin/Library/Developer/Xcode/DerivedData/youtubeapp-eyxoijrdszbdjeaylqhcmxrhixmd/Build/Intermediates.noindex/ArchiveIntermediates/youtubeapp/IntermediateBuildFilesPath/youtubeapp.build/Release-iphoneos/youtubeapp.build/all-product-headers.yaml

WriteAuxiliaryFile /Users/benjibenjamin/Library/Developer/Xcode/DerivedData/youtubeapp-eyxoijrdszbdjeaylqhcmxrhixmd/Build/Intermediates.noindex/ArchiveIntermediates/youtubeapp/IntermediateBuildFilesPath/youtubeapp.build/Release-iphoneos/youtubeapp.build/Objects-normal/arm64/youtubeapp-OutputFileMap.json (in target 'youtubeapp' from project 'youtubeapp')
    cd /Users/benjibenjamin/Desktop/New\ Projects/youtubeapp
    write-file /Users/benjibenjamin/Library/Developer/Xcode/DerivedData/youtubeapp-eyxoijrdszbdjeaylqhcmxrhixmd/Build/Intermediates.noindex/ArchiveIntermediates/youtubeapp/IntermediateBuildFilesPath/youtubeapp.build/Release-iphoneos/youtubeapp.build/Objects-normal/arm64/youtubeapp-OutputFileMap.json

WriteAuxiliaryFile /Users/benjibenjamin/Library/Developer/Xcode/DerivedData/youtubeapp-eyxoijrdszbdjeaylqhcmxrhixmd/Build/Intermediates.noindex/ArchiveIntermediates/youtubeapp/IntermediateBuildFilesPath/youtubeapp.build/Release-iphoneos/youtubeapp.build/Objects-normal/arm64/youtubeapp.LinkFileList (in target 'youtubeapp' from project 'youtubeapp')
    cd /Users/benjibenjamin/Desktop/New\ Projects/youtubeapp
    write-file /Users/benjibenjamin/Library/Developer/Xcode/DerivedData/youtubeapp-eyxoijrdszbdjeaylqhcmxrhixmd/Build/Intermediates.noindex/ArchiveIntermediates/youtubeapp/IntermediateBuildFilesPath/youtubeapp.build/Release-iphoneos/youtubeapp.build/Objects-normal/arm64/youtubeapp.LinkFileList

WriteAuxiliaryFile /Users/benjibenjamin/Library/Developer/Xcode/DerivedData/youtubeapp-eyxoijrdszbdjeaylqhcmxrhixmd/Build/Intermediates.noindex/ArchiveIntermediates/youtubeapp/IntermediateBuildFilesPath/youtubeapp.build/Release-iphoneos/youtubeapp.build/Objects-normal/arm64/youtubeapp.SwiftFileList (in target 'youtubeapp' from project 'youtubeapp')
    cd /Users/benjibenjamin/Desktop/New\ Projects/youtubeapp
    write-file /Users/benjibenjamin/Library/Developer/Xcode/DerivedData/youtubeapp-eyxoijrdszbdjeaylqhcmxrhixmd/Build/Intermediates.noindex/ArchiveIntermediates/youtubeapp/IntermediateBuildFilesPath/youtubeapp.build/Release-iphoneos/youtubeapp.build/Objects-normal/arm64/youtubeapp.SwiftFileList

CompileSwiftSources normal arm64 com.apple.xcode.tools.swift.compiler (in target 'youtubeapp' from project 'youtubeapp')
    cd /Users/benjibenjamin/Desktop/New\ Projects/youtubeapp
    export DEVELOPER_DIR\=/Applications/Xcode.app/Contents/Developer
    export SDKROOT\=/Applications/Xcode.app/Contents/Developer/Platforms/iPhoneOS.platform/Developer/SDKs/iPhoneOS15.2.sdk
    /Applications/Xcode.app/Contents/Developer/Toolchains/XcodeDefault.xctoolchain/usr/bin/swiftc -incremental -module-name youtubeapp -O -whole-module-optimization -enforce-exclusivity\=checked @/Users/benjibenjamin/Library/Developer/Xcode/DerivedData/youtubeapp-eyxoijrdszbdjeaylqhcmxrhixmd/Build/Intermediates.noindex/ArchiveIntermediates/youtubeapp/IntermediateBuildFilesPath/youtubeapp.build/Release-iphoneos/youtubeapp.build/Objects-normal/arm64/youtubeapp.SwiftFileList -sdk /Applications/Xcode.app/Contents/Developer/Platforms/iPhoneOS.platform/Developer/SDKs/iPhoneOS15.2.sdk -target arm64-apple-ios15.2 -g -module-cache-path /Users/benjibenjamin/Library/Developer/Xcode/DerivedData/ModuleCache.noindex -Xfrontend -serialize-debugging-options -embed-bitcode -swift-version 5 -I /Users/benjibenjamin/Library/Developer/Xcode/DerivedData/youtubeapp-eyxoijrdszbdjeaylqhcmxrhixmd/Build/Intermediates.noindex/ArchiveIntermediates/youtubeapp/BuildProductsPath/Release-iphoneos -F /Users/benjibenjamin/Library/Developer/Xcode/DerivedData/youtubeapp-eyxoijrdszbdjeaylqhcmxrhixmd/Build/Intermediates.noindex/ArchiveIntermediates/youtubeapp/BuildProductsPath/Release-iphoneos -emit-localized-strings -emit-localized-strings-path /Users/benjibenjamin/Library/Developer/Xcode/DerivedData/youtubeapp-eyxoijrdszbdjeaylqhcmxrhixmd/Build/Intermediates.noindex/ArchiveIntermediates/youtubeapp/IntermediateBuildFilesPath/youtubeapp.build/Release-iphoneos/youtubeapp.build/Objects-normal/arm64 -c -num-threads 4 -output-file-map /Users/benjibenjamin/Library/Developer/Xcode/DerivedData/youtubeapp-eyxoijrdszbdjeaylqhcmxrhixmd/Build/Intermediates.noindex/ArchiveIntermediates/youtubeapp/IntermediateBuildFilesPath/youtubeapp.build/Release-iphoneos/youtubeapp.build/Objects-normal/arm64/youtubeapp-OutputFileMap.json -parseable-output -serialize-diagnostics -emit-dependencies -emit-module -emit-module-path /Users/benjibenjamin/Library/Developer/Xcode/DerivedData/youtubeapp-eyxoijrdszbdjeaylqhcmxrhixmd/Build/Intermediates.noindex/ArchiveIntermediates/youtubeapp/IntermediateBuildFilesPath/youtubeapp.build/Release-iphoneos/youtubeapp.build/Objects-normal/arm64/youtubeapp.swiftmodule -Xcc -I/Users/benjibenjamin/Library/Developer/Xcode/DerivedData/youtubeapp-eyxoijrdszbdjeaylqhcmxrhixmd/Build/Intermediates.noindex/ArchiveIntermediates/youtubeapp/IntermediateBuildFilesPath/youtubeapp.build/Release-iphoneos/youtubeapp.build/swift-overrides.hmap -Xcc -iquote -Xcc /Users/benjibenjamin/Library/Developer/Xcode/DerivedData/youtubeapp-eyxoijrdszbdjeaylqhcmxrhixmd/Build/Intermediates.noindex/ArchiveIntermediates/youtubeapp/IntermediateBuildFilesPath/youtubeapp.build/Release-iphoneos/youtubeapp.build/youtubeapp-generated-files.hmap -Xcc -I/Users/benjibenjamin/Library/Developer/Xcode/DerivedData/youtubeapp-eyxoijrdszbdjeaylqhcmxrhixmd/Build/Intermediates.noindex/ArchiveIntermediates/youtubeapp/IntermediateBuildFilesPath/youtubeapp.build/Release-iphoneos/youtubeapp.build/youtubeapp-own-target-headers.hmap -Xcc -I/Users/benjibenjamin/Library/Developer/Xcode/DerivedData/youtubeapp-eyxoijrdszbdjeaylqhcmxrhixmd/Build/Intermediates.noindex/ArchiveIntermediates/youtubeapp/IntermediateBuildFilesPath/youtubeapp.build/Release-iphoneos/youtubeapp.build/youtubeapp-all-target-headers.hmap -Xcc -iquote -Xcc /Users/benjibenjamin/Library/Developer/Xcode/DerivedData/youtubeapp-eyxoijrdszbdjeaylqhcmxrhixmd/Build/Intermediates.noindex/ArchiveIntermediates/youtubeapp/IntermediateBuildFilesPath/youtubeapp.build/Release-iphoneos/youtubeapp.build/youtubeapp-project-headers.hmap -Xcc -I/Users/benjibenjamin/Library/Developer/Xcode/DerivedData/youtubeapp-eyxoijrdszbdjeaylqhcmxrhixmd/Build/Intermediates.noindex/ArchiveIntermediates/youtubeapp/BuildProductsPath/Release-iphoneos/include -Xcc -I/Users/benjibenjamin/Library/Developer/Xcode/DerivedData/youtubeapp-eyxoijrdszbdjeaylqhcmxrhixmd/Build/Intermediates.noindex/ArchiveIntermediates/youtubeapp/IntermediateBuildFilesPath/youtubeapp.build/Release-iphoneos/youtubeapp.build/DerivedSources-normal/arm64 -Xcc -I/Users/benjibenjamin/Library/Developer/Xcode/DerivedData/youtubeapp-eyxoijrdszbdjeaylqhcmxrhixmd/Build/Intermediates.noindex/ArchiveIntermediates/youtubeapp/IntermediateBuildFilesPath/youtubeapp.build/Release-iphoneos/youtubeapp.build/DerivedSources/arm64 -Xcc -I/Users/benjibenjamin/Library/Developer/Xcode/DerivedData/youtubeapp-eyxoijrdszbdjeaylqhcmxrhixmd/Build/Intermediates.noindex/ArchiveIntermediates/youtubeapp/IntermediateBuildFilesPath/youtubeapp.build/Release-iphoneos/youtubeapp.build/DerivedSources -emit-objc-header -emit-objc-header-path /Users/benjibenjamin/Library/Developer/Xcode/DerivedData/youtubeapp-eyxoijrdszbdjeaylqhcmxrhixmd/Build/Intermediates.noindex/ArchiveIntermediates/youtubeapp/IntermediateBuildFilesPath/youtubeapp.build/Release-iphoneos/youtubeapp.build/Objects-normal/arm64/youtubeapp-Swift.h -working-directory /Users/benjibenjamin/Desktop/New\ Projects/youtubeapp
remark: Incremental compilation has been disabled: it is not compatible with whole module optimization

CompileSwift normal arm64 (in target 'youtubeapp' from project 'youtubeapp')
    cd /Users/benjibenjamin/Desktop/New\ Projects/youtubeapp
    /Applications/Xcode.app/Contents/Developer/Toolchains/XcodeDefault.xctoolchain/usr/bin/swift-frontend -frontend -emit-bc /Users/benjibenjamin/Desktop/New\ Projects/youtubeapp/youtubeapp/ViewController.swift /Users/benjibenjamin/Desktop/New\ Projects/youtubeapp/youtubeapp/AppDelegate.swift /Users/benjibenjamin/Desktop/New\ Projects/youtubeapp/youtubeapp/SceneDelegate.swift -emit-module-path /Users/benjibenjamin/Library/Developer/Xcode/DerivedData/youtubeapp-eyxoijrdszbdjeaylqhcmxrhixmd/Build/Intermediates.noindex/ArchiveIntermediates/youtubeapp/IntermediateBuildFilesPath/youtubeapp.build/Release-iphoneos/youtubeapp.build/Objects-normal/arm64/youtubeapp.swiftmodule -emit-module-doc-path /Users/benjibenjamin/Library/Developer/Xcode/DerivedData/youtubeapp-eyxoijrdszbdjeaylqhcmxrhixmd/Build/Intermediates.noindex/ArchiveIntermediates/youtubeapp/IntermediateBuildFilesPath/youtubeapp.build/Release-iphoneos/youtubeapp.build/Objects-normal/arm64/youtubeapp.swiftdoc -emit-module-source-info-path /Users/benjibenjamin/Library/Developer/Xcode/DerivedData/youtubeapp-eyxoijrdszbdjeaylqhcmxrhixmd/Build/Intermediates.noindex/ArchiveIntermediates/youtubeapp/IntermediateBuildFilesPath/youtubeapp.build/Release-iphoneos/youtubeapp.build/Objects-normal/arm64/youtubeapp.swiftsourceinfo -emit-dependencies-path /Users/benjibenjamin/Library/Developer/Xcode/DerivedData/youtubeapp-eyxoijrdszbdjeaylqhcmxrhixmd/Build/Intermediates.noindex/ArchiveIntermediates/youtubeapp/IntermediateBuildFilesPath/youtubeapp.build/Release-iphoneos/youtubeapp.build/Objects-normal/arm64/youtubeapp-master.d -serialize-diagnostics-path /Users/benjibenjamin/Library/Developer/Xcode/DerivedData/youtubeapp-eyxoijrdszbdjeaylqhcmxrhixmd/Build/Intermediates.noindex/ArchiveIntermediates/youtubeapp/IntermediateBuildFilesPath/youtubeapp.build/Release-iphoneos/youtubeapp.build/Objects-normal/arm64/youtubeapp-master.dia -emit-objc-header-path /Users/benjibenjamin/Library/Developer/Xcode/DerivedData/youtubeapp-eyxoijrdszbdjeaylqhcmxrhixmd/Build/Intermediates.noindex/ArchiveIntermediates/youtubeapp/IntermediateBuildFilesPath/youtubeapp.build/Release-iphoneos/youtubeapp.build/Objects-normal/arm64/youtubeapp-Swift.h -target arm64-apple-ios15.2 -Xllvm -aarch64-use-tbi -enable-objc-interop -stack-check -sdk /Applications/Xcode.app/Contents/Developer/Platforms/iPhoneOS.platform/Developer/SDKs/iPhoneOS15.2.sdk -I /Users/benjibenjamin/Library/Developer/Xcode/DerivedData/youtubeapp-eyxoijrdszbdjeaylqhcmxrhixmd/Build/Intermediates.noindex/ArchiveIntermediates/youtubeapp/BuildProductsPath/Release-iphoneos -F /Users/benjibenjamin/Library/Developer/Xcode/DerivedData/youtubeapp-eyxoijrdszbdjeaylqhcmxrhixmd/Build/Intermediates.noindex/ArchiveIntermediates/youtubeapp/BuildProductsPath/Release-iphoneos -g -module-cache-path /Users/benjibenjamin/Library/Developer/Xcode/DerivedData/ModuleCache.noindex -emit-localized-strings -emit-localized-strings-path /Users/benjibenjamin/Library/Developer/Xcode/DerivedData/youtubeapp-eyxoijrdszbdjeaylqhcmxrhixmd/Build/Intermediates.noindex/ArchiveIntermediates/youtubeapp/IntermediateBuildFilesPath/youtubeapp.build/Release-iphoneos/youtubeapp.build/Objects-normal/arm64 -swift-version 5 -enforce-exclusivity\=checked -O -new-driver-path /Applications/Xcode.app/Contents/Developer/Toolchains/XcodeDefault.xctoolchain/usr/bin/swift-driver -serialize-debugging-options -Xcc -working-directory -Xcc /Users/benjibenjamin/Desktop/New\ Projects/youtubeapp -resource-dir /Applications/Xcode.app/Contents/Developer/Toolchains/XcodeDefault.xctoolchain/usr/lib/swift -Xcc -I/Users/benjibenjamin/Library/Developer/Xcode/DerivedData/youtubeapp-eyxoijrdszbdjeaylqhcmxrhixmd/Build/Intermediates.noindex/ArchiveIntermediates/youtubeapp/IntermediateBuildFilesPath/youtubeapp.build/Release-iphoneos/youtubeapp.build/swift-overrides.hmap -Xcc -iquote -Xcc /Users/benjibenjamin/Library/Developer/Xcode/DerivedData/youtubeapp-eyxoijrdszbdjeaylqhcmxrhixmd/Build/Intermediates.noindex/ArchiveIntermediates/youtubeapp/IntermediateBuildFilesPath/youtubeapp.build/Release-iphoneos/youtubeapp.build/youtubeapp-generated-files.hmap -Xcc -I/Users/benjibenjamin/Library/Developer/Xcode/DerivedData/youtubeapp-eyxoijrdszbdjeaylqhcmxrhixmd/Build/Intermediates.noindex/ArchiveIntermediates/youtubeapp/IntermediateBuildFilesPath/youtubeapp.build/Release-iphoneos/youtubeapp.build/youtubeapp-own-target-headers.hmap -Xcc -I/Users/benjibenjamin/Library/Developer/Xcode/DerivedData/youtubeapp-eyxoijrdszbdjeaylqhcmxrhixmd/Build/Intermediates.noindex/ArchiveIntermediates/youtubeapp/IntermediateBuildFilesPath/youtubeapp.build/Release-iphoneos/youtubeapp.build/youtubeapp-all-target-headers.hmap -Xcc -iquote -Xcc /Users/benjibenjamin/Library/Developer/Xcode/DerivedData/youtubeapp-eyxoijrdszbdjeaylqhcmxrhixmd/Build/Intermediates.noindex/ArchiveIntermediates/youtubeapp/IntermediateBuildFilesPath/youtubeapp.build/Release-iphoneos/youtubeapp.build/youtubeapp-project-headers.hmap -Xcc -I/Users/benjibenjamin/Library/Developer/Xcode/DerivedData/youtubeapp-eyxoijrdszbdjeaylqhcmxrhixmd/Build/Intermediates.noindex/ArchiveIntermediates/youtubeapp/BuildProductsPath/Release-iphoneos/include -Xcc -I/Users/benjibenjamin/Library/Developer/Xcode/DerivedData/youtubeapp-eyxoijrdszbdjeaylqhcmxrhixmd/Build/Intermediates.noindex/ArchiveIntermediates/youtubeapp/IntermediateBuildFilesPath/youtubeapp.build/Release-iphoneos/youtubeapp.build/DerivedSources-normal/arm64 -Xcc -I/Users/benjibenjamin/Library/Developer/Xcode/DerivedData/youtubeapp-eyxoijrdszbdjeaylqhcmxrhixmd/Build/Intermediates.noindex/ArchiveIntermediates/youtubeapp/IntermediateBuildFilesPath/youtubeapp.build/Release-iphoneos/youtubeapp.build/DerivedSources/arm64 -Xcc -I/Users/benjibenjamin/Library/Developer/Xcode/DerivedData/youtubeapp-eyxoijrdszbdjeaylqhcmxrhixmd/Build/Intermediates.noindex/ArchiveIntermediates/youtubeapp/IntermediateBuildFilesPath/youtubeapp.build/Release-iphoneos/youtubeapp.build/DerivedSources -module-name youtubeapp -target-sdk-version 15.2.0 -num-threads 4 -o /Users/benjibenjamin/Library/Developer/Xcode/DerivedData/youtubeapp-eyxoijrdszbdjeaylqhcmxrhixmd/Build/Intermediates.noindex/ArchiveIntermediates/youtubeapp/IntermediateBuildFilesPath/youtubeapp.build/Release-iphoneos/youtubeapp.build/Objects-normal/arm64/ViewController.bc -o /Users/benjibenjamin/Library/Developer/Xcode/DerivedData/youtubeapp-eyxoijrdszbdjeaylqhcmxrhixmd/Build/Intermediates.noindex/ArchiveIntermediates/youtubeapp/IntermediateBuildFilesPath/youtubeapp.build/Release-iphoneos/youtubeapp.build/Objects-normal/arm64/AppDelegate.bc -o /Users/benjibenjamin/Library/Developer/Xcode/DerivedData/youtubeapp-eyxoijrdszbdjeaylqhcmxrhixmd/Build/Intermediates.noindex/ArchiveIntermediates/youtubeapp/IntermediateBuildFilesPath/youtubeapp.build/Release-iphoneos/youtubeapp.build/Objects-normal/arm64/SceneDelegate.bc
/Users/benjibenjamin/Desktop/New Projects/youtubeapp/youtubeapp/ViewController.swift:16:13: warning: initialization of variable 'i' was never used; consider replacing with assignment to '_' or removing it
        var i = 0
        ~~~~^
        _
/Users/benjibenjamin/Desktop/New Projects/youtubeapp/youtubeapp/ViewController.swift:17:13: warning: initialization of variable 'x' was never used; consider replacing with assignment to '_' or removing it
        var x = 0
        ~~~~^
        _

SwiftCodeGeneration normal arm64 (in target 'youtubeapp' from project 'youtubeapp')
    cd /Users/benjibenjamin/Desktop/New\ Projects/youtubeapp
    /Applications/Xcode.app/Contents/Developer/Toolchains/XcodeDefault.xctoolchain/usr/bin/swift-frontend -frontend -c -primary-file /Users/benjibenjamin/Library/Developer/Xcode/DerivedData/youtubeapp-eyxoijrdszbdjeaylqhcmxrhixmd/Build/Intermediates.noindex/ArchiveIntermediates/youtubeapp/IntermediateBuildFilesPath/youtubeapp.build/Release-iphoneos/youtubeapp.build/Objects-normal/arm64/SceneDelegate.bc -embed-bitcode -target arm64-apple-ios15.2 -Xllvm -aarch64-use-tbi -O -disable-llvm-optzns -module-name youtubeapp -o /Users/benjibenjamin/Library/Developer/Xcode/DerivedData/youtubeapp-eyxoijrdszbdjeaylqhcmxrhixmd/Build/Intermediates.noindex/ArchiveIntermediates/youtubeapp/IntermediateBuildFilesPath/youtubeapp.build/Release-iphoneos/youtubeapp.build/Objects-normal/arm64/SceneDelegate.o

SwiftCodeGeneration normal arm64 (in target 'youtubeapp' from project 'youtubeapp')
    cd /Users/benjibenjamin/Desktop/New\ Projects/youtubeapp
    /Applications/Xcode.app/Contents/Developer/Toolchains/XcodeDefault.xctoolchain/usr/bin/swift-frontend -frontend -c -primary-file /Users/benjibenjamin/Library/Developer/Xcode/DerivedData/youtubeapp-eyxoijrdszbdjeaylqhcmxrhixmd/Build/Intermediates.noindex/ArchiveIntermediates/youtubeapp/IntermediateBuildFilesPath/youtubeapp.build/Release-iphoneos/youtubeapp.build/Objects-normal/arm64/AppDelegate.bc -embed-bitcode -target arm64-apple-ios15.2 -Xllvm -aarch64-use-tbi -O -disable-llvm-optzns -module-name youtubeapp -o /Users/benjibenjamin/Library/Developer/Xcode/DerivedData/youtubeapp-eyxoijrdszbdjeaylqhcmxrhixmd/Build/Intermediates.noindex/ArchiveIntermediates/youtubeapp/IntermediateBuildFilesPath/youtubeapp.build/Release-iphoneos/youtubeapp.build/Objects-normal/arm64/AppDelegate.o

SwiftCodeGeneration normal arm64 (in target 'youtubeapp' from project 'youtubeapp')
    cd /Users/benjibenjamin/Desktop/New\ Projects/youtubeapp
    /Applications/Xcode.app/Contents/Developer/Toolchains/XcodeDefault.xctoolchain/usr/bin/swift-frontend -frontend -c -primary-file /Users/benjibenjamin/Library/Developer/Xcode/DerivedData/youtubeapp-eyxoijrdszbdjeaylqhcmxrhixmd/Build/Intermediates.noindex/ArchiveIntermediates/youtubeapp/IntermediateBuildFilesPath/youtubeapp.build/Release-iphoneos/youtubeapp.build/Objects-normal/arm64/ViewController.bc -embed-bitcode -target arm64-apple-ios15.2 -Xllvm -aarch64-use-tbi -O -disable-llvm-optzns -module-name youtubeapp -o /Users/benjibenjamin/Library/Developer/Xcode/DerivedData/youtubeapp-eyxoijrdszbdjeaylqhcmxrhixmd/Build/Intermediates.noindex/ArchiveIntermediates/youtubeapp/IntermediateBuildFilesPath/youtubeapp.build/Release-iphoneos/youtubeapp.build/Objects-normal/arm64/ViewController.o

Ld /Users/benjibenjamin/Library/Developer/Xcode/DerivedData/youtubeapp-eyxoijrdszbdjeaylqhcmxrhixmd/Build/Intermediates.noindex/ArchiveIntermediates/youtubeapp/InstallationBuildProductsLocation/Applications/youtubeapp.app/youtubeapp normal (in target 'youtubeapp' from project 'youtubeapp')
    cd /Users/benjibenjamin/Desktop/New\ Projects/youtubeapp
    /Applications/Xcode.app/Contents/Developer/Toolchains/XcodeDefault.xctoolchain/usr/bin/clang -target arm64-apple-ios15.2 -isysroot /Applications/Xcode.app/Contents/Developer/Platforms/iPhoneOS.platform/Developer/SDKs/iPhoneOS15.2.sdk -L/Users/benjibenjamin/Library/Developer/Xcode/DerivedData/youtubeapp-eyxoijrdszbdjeaylqhcmxrhixmd/Build/Intermediates.noindex/ArchiveIntermediates/youtubeapp/BuildProductsPath/Release-iphoneos -F/Users/benjibenjamin/Library/Developer/Xcode/DerivedData/youtubeapp-eyxoijrdszbdjeaylqhcmxrhixmd/Build/Intermediates.noindex/ArchiveIntermediates/youtubeapp/BuildProductsPath/Release-iphoneos -filelist /Users/benjibenjamin/Library/Developer/Xcode/DerivedData/youtubeapp-eyxoijrdszbdjeaylqhcmxrhixmd/Build/Intermediates.noindex/ArchiveIntermediates/youtubeapp/IntermediateBuildFilesPath/youtubeapp.build/Release-iphoneos/youtubeapp.build/Objects-normal/arm64/youtubeapp.LinkFileList -Xlinker -rpath -Xlinker @executable_path/Frameworks -dead_strip -Xlinker -object_path_lto -Xlinker /Users/benjibenjamin/Library/Developer/Xcode/DerivedData/youtubeapp-eyxoijrdszbdjeaylqhcmxrhixmd/Build/Intermediates.noindex/ArchiveIntermediates/youtubeapp/IntermediateBuildFilesPath/youtubeapp.build/Release-iphoneos/youtubeapp.build/Objects-normal/arm64/youtubeapp_lto.o -fembed-bitcode -Xlinker -bitcode_verify -Xlinker -bitcode_hide_symbols -Xlinker -bitcode_symbol_map -Xlinker /Users/benjibenjamin/Library/Developer/Xcode/DerivedData/youtubeapp-eyxoijrdszbdjeaylqhcmxrhixmd/Build/Intermediates.noindex/ArchiveIntermediates/youtubeapp/BuildProductsPath/Release-iphoneos -Xlinker -final_output -Xlinker /Applications/youtubeapp.app/youtubeapp -fobjc-link-runtime -L/Applications/Xcode.app/Contents/Developer/Toolchains/XcodeDefault.xctoolchain/usr/lib/swift/iphoneos -L/usr/lib/swift -Xlinker -add_ast_path -Xlinker /Users/benjibenjamin/Library/Developer/Xcode/DerivedData/youtubeapp-eyxoijrdszbdjeaylqhcmxrhixmd/Build/Intermediates.noindex/ArchiveIntermediates/youtubeapp/IntermediateBuildFilesPath/youtubeapp.build/Release-iphoneos/youtubeapp.build/Objects-normal/arm64/youtubeapp.swiftmodule -Xlinker -no_adhoc_codesign -Xlinker -dependency_info -Xlinker /Users/benjibenjamin/Library/Developer/Xcode/DerivedData/youtubeapp-eyxoijrdszbdjeaylqhcmxrhixmd/Build/Intermediates.noindex/ArchiveIntermediates/youtubeapp/IntermediateBuildFilesPath/youtubeapp.build/Release-iphoneos/youtubeapp.build/Objects-normal/arm64/youtubeapp_dependency_info.dat -o /Users/benjibenjamin/Library/Developer/Xcode/DerivedData/youtubeapp-eyxoijrdszbdjeaylqhcmxrhixmd/Build/Intermediates.noindex/ArchiveIntermediates/youtubeapp/InstallationBuildProductsLocation/Applications/youtubeapp.app/youtubeapp

PBXCp /Users/benjibenjamin/Library/Developer/Xcode/DerivedData/youtubeapp-eyxoijrdszbdjeaylqhcmxrhixmd/Build/Intermediates.noindex/ArchiveIntermediates/youtubeapp/IntermediateBuildFilesPath/youtubeapp.build/Release-iphoneos/youtubeapp.build/Objects-normal/arm64/youtubeapp.swiftmodule /Users/benjibenjamin/Library/Developer/Xcode/DerivedData/youtubeapp-eyxoijrdszbdjeaylqhcmxrhixmd/Build/Intermediates.noindex/ArchiveIntermediates/youtubeapp/BuildProductsPath/Release-iphoneos/youtubeapp.swiftmodule/arm64.swiftmodule (in target 'youtubeapp' from project 'youtubeapp')
    cd /Users/benjibenjamin/Desktop/New\ Projects/youtubeapp
    builtin-copy -exclude .DS_Store -exclude CVS -exclude .svn -exclude .git -exclude .hg -resolve-src-symlinks -rename /Users/benjibenjamin/Library/Developer/Xcode/DerivedData/youtubeapp-eyxoijrdszbdjeaylqhcmxrhixmd/Build/Intermediates.noindex/ArchiveIntermediates/youtubeapp/IntermediateBuildFilesPath/youtubeapp.build/Release-iphoneos/youtubeapp.build/Objects-normal/arm64/youtubeapp.swiftmodule /Users/benjibenjamin/Library/Developer/Xcode/DerivedData/youtubeapp-eyxoijrdszbdjeaylqhcmxrhixmd/Build/Intermediates.noindex/ArchiveIntermediates/youtubeapp/BuildProductsPath/Release-iphoneos/youtubeapp.swiftmodule/arm64.swiftmodule

PBXCp /Users/benjibenjamin/Library/Developer/Xcode/DerivedData/youtubeapp-eyxoijrdszbdjeaylqhcmxrhixmd/Build/Intermediates.noindex/ArchiveIntermediates/youtubeapp/IntermediateBuildFilesPath/youtubeapp.build/Release-iphoneos/youtubeapp.build/Objects-normal/arm64/youtubeapp.swiftdoc /Users/benjibenjamin/Library/Developer/Xcode/DerivedData/youtubeapp-eyxoijrdszbdjeaylqhcmxrhixmd/Build/Intermediates.noindex/ArchiveIntermediates/youtubeapp/BuildProductsPath/Release-iphoneos/youtubeapp.swiftmodule/arm64.swiftdoc (in target 'youtubeapp' from project 'youtubeapp')
    cd /Users/benjibenjamin/Desktop/New\ Projects/youtubeapp
    builtin-copy -exclude .DS_Store -exclude CVS -exclude .svn -exclude .git -exclude .hg -resolve-src-symlinks -rename /Users/benjibenjamin/Library/Developer/Xcode/DerivedData/youtubeapp-eyxoijrdszbdjeaylqhcmxrhixmd/Build/Intermediates.noindex/ArchiveIntermediates/youtubeapp/IntermediateBuildFilesPath/youtubeapp.build/Release-iphoneos/youtubeapp.build/Objects-normal/arm64/youtubeapp.swiftdoc /Users/benjibenjamin/Library/Developer/Xcode/DerivedData/youtubeapp-eyxoijrdszbdjeaylqhcmxrhixmd/Build/Intermediates.noindex/ArchiveIntermediates/youtubeapp/BuildProductsPath/Release-iphoneos/youtubeapp.swiftmodule/arm64.swiftdoc

PBXCp /Users/benjibenjamin/Library/Developer/Xcode/DerivedData/youtubeapp-eyxoijrdszbdjeaylqhcmxrhixmd/Build/Intermediates.noindex/ArchiveIntermediates/youtubeapp/IntermediateBuildFilesPath/youtubeapp.build/Release-iphoneos/youtubeapp.build/Objects-normal/arm64/youtubeapp.swiftmodule /Users/benjibenjamin/Library/Developer/Xcode/DerivedData/youtubeapp-eyxoijrdszbdjeaylqhcmxrhixmd/Build/Intermediates.noindex/ArchiveIntermediates/youtubeapp/BuildProductsPath/Release-iphoneos/youtubeapp.swiftmodule/arm64-apple-ios.swiftmodule (in target 'youtubeapp' from project 'youtubeapp')
    cd /Users/benjibenjamin/Desktop/New\ Projects/youtubeapp
    builtin-copy -exclude .DS_Store -exclude CVS -exclude .svn -exclude .git -exclude .hg -resolve-src-symlinks -rename /Users/benjibenjamin/Library/Developer/Xcode/DerivedData/youtubeapp-eyxoijrdszbdjeaylqhcmxrhixmd/Build/Intermediates.noindex/ArchiveIntermediates/youtubeapp/IntermediateBuildFilesPath/youtubeapp.build/Release-iphoneos/youtubeapp.build/Objects-normal/arm64/youtubeapp.swiftmodule /Users/benjibenjamin/Library/Developer/Xcode/DerivedData/youtubeapp-eyxoijrdszbdjeaylqhcmxrhixmd/Build/Intermediates.noindex/ArchiveIntermediates/youtubeapp/BuildProductsPath/Release-iphoneos/youtubeapp.swiftmodule/arm64-apple-ios.swiftmodule

PBXCp /Users/benjibenjamin/Library/Developer/Xcode/DerivedData/youtubeapp-eyxoijrdszbdjeaylqhcmxrhixmd/Build/Intermediates.noindex/ArchiveIntermediates/youtubeapp/IntermediateBuildFilesPath/youtubeapp.build/Release-iphoneos/youtubeapp.build/Objects-normal/arm64/youtubeapp.swiftdoc /Users/benjibenjamin/Library/Developer/Xcode/DerivedData/youtubeapp-eyxoijrdszbdjeaylqhcmxrhixmd/Build/Intermediates.noindex/ArchiveIntermediates/youtubeapp/BuildProductsPath/Release-iphoneos/youtubeapp.swiftmodule/arm64-apple-ios.swiftdoc (in target 'youtubeapp' from project 'youtubeapp')
    cd /Users/benjibenjamin/Desktop/New\ Projects/youtubeapp
    builtin-copy -exclude .DS_Store -exclude CVS -exclude .svn -exclude .git -exclude .hg -resolve-src-symlinks -rename /Users/benjibenjamin/Library/Developer/Xcode/DerivedData/youtubeapp-eyxoijrdszbdjeaylqhcmxrhixmd/Build/Intermediates.noindex/ArchiveIntermediates/youtubeapp/IntermediateBuildFilesPath/youtubeapp.build/Release-iphoneos/youtubeapp.build/Objects-normal/arm64/youtubeapp.swiftdoc /Users/benjibenjamin/Library/Developer/Xcode/DerivedData/youtubeapp-eyxoijrdszbdjeaylqhcmxrhixmd/Build/Intermediates.noindex/ArchiveIntermediates/youtubeapp/BuildProductsPath/Release-iphoneos/youtubeapp.swiftmodule/arm64-apple-ios.swiftdoc

PBXCp /Users/benjibenjamin/Library/Developer/Xcode/DerivedData/youtubeapp-eyxoijrdszbdjeaylqhcmxrhixmd/Build/Intermediates.noindex/ArchiveIntermediates/youtubeapp/IntermediateBuildFilesPath/youtubeapp.build/Release-iphoneos/youtubeapp.build/Objects-normal/arm64/youtubeapp-Swift.h /Users/benjibenjamin/Library/Developer/Xcode/DerivedData/youtubeapp-eyxoijrdszbdjeaylqhcmxrhixmd/Build/Intermediates.noindex/ArchiveIntermediates/youtubeapp/IntermediateBuildFilesPath/youtubeapp.build/Release-iphoneos/youtubeapp.build/DerivedSources/youtubeapp-Swift.h (in target 'youtubeapp' from project 'youtubeapp')
    cd /Users/benjibenjamin/Desktop/New\ Projects/youtubeapp
    builtin-copy -exclude .DS_Store -exclude CVS -exclude .svn -exclude .git -exclude .hg -resolve-src-symlinks /Users/benjibenjamin/Library/Developer/Xcode/DerivedData/youtubeapp-eyxoijrdszbdjeaylqhcmxrhixmd/Build/Intermediates.noindex/ArchiveIntermediates/youtubeapp/IntermediateBuildFilesPath/youtubeapp.build/Release-iphoneos/youtubeapp.build/Objects-normal/arm64/youtubeapp-Swift.h /Users/benjibenjamin/Library/Developer/Xcode/DerivedData/youtubeapp-eyxoijrdszbdjeaylqhcmxrhixmd/Build/Intermediates.noindex/ArchiveIntermediates/youtubeapp/IntermediateBuildFilesPath/youtubeapp.build/Release-iphoneos/youtubeapp.build/DerivedSources

CompileAssetCatalog /Users/benjibenjamin/Library/Developer/Xcode/DerivedData/youtubeapp-eyxoijrdszbdjeaylqhcmxrhixmd/Build/Intermediates.noindex/ArchiveIntermediates/youtubeapp/InstallationBuildProductsLocation/Applications/youtubeapp.app /Users/benjibenjamin/Desktop/New\ Projects/youtubeapp/youtubeapp/Assets.xcassets (in target 'youtubeapp' from project 'youtubeapp')
    cd /Users/benjibenjamin/Desktop/New\ Projects/youtubeapp
    /Applications/Xcode.app/Contents/Developer/usr/bin/actool --output-format human-readable-text --notices --warnings --export-dependency-info /Users/benjibenjamin/Library/Developer/Xcode/DerivedData/youtubeapp-eyxoijrdszbdjeaylqhcmxrhixmd/Build/Intermediates.noindex/ArchiveIntermediates/youtubeapp/IntermediateBuildFilesPath/youtubeapp.build/Release-iphoneos/youtubeapp.build/assetcatalog_dependencies --output-partial-info-plist /Users/benjibenjamin/Library/Developer/Xcode/DerivedData/youtubeapp-eyxoijrdszbdjeaylqhcmxrhixmd/Build/Intermediates.noindex/ArchiveIntermediates/youtubeapp/IntermediateBuildFilesPath/youtubeapp.build/Release-iphoneos/youtubeapp.build/assetcatalog_generated_info.plist --app-icon AppIcon --accent-color AccentColor --compress-pngs --enable-on-demand-resources YES --development-region en --target-device iphone --target-device ipad --minimum-deployment-target 15.2 --platform iphoneos --compile /Users/benjibenjamin/Library/Developer/Xcode/DerivedData/youtubeapp-eyxoijrdszbdjeaylqhcmxrhixmd/Build/Intermediates.noindex/ArchiveIntermediates/youtubeapp/InstallationBuildProductsLocation/Applications/youtubeapp.app /Users/benjibenjamin/Desktop/New\ Projects/youtubeapp/youtubeapp/Assets.xcassets
/* com.apple.actool.compilation-results */
/Users/benjibenjamin/Library/Developer/Xcode/DerivedData/youtubeapp-eyxoijrdszbdjeaylqhcmxrhixmd/Build/Intermediates.noindex/ArchiveIntermediates/youtubeapp/IntermediateBuildFilesPath/youtubeapp.build/Release-iphoneos/youtubeapp.build/assetcatalog_generated_info.plist


CompileStoryboard /Users/benjibenjamin/Desktop/New\ Projects/youtubeapp/youtubeapp/Base.lproj/LaunchScreen.storyboard (in target 'youtubeapp' from project 'youtubeapp')
    cd /Users/benjibenjamin/Desktop/New\ Projects/youtubeapp
    export XCODE_DEVELOPER_USR_PATH\=/Applications/Xcode.app/Contents/Developer/usr/bin/..
    /Applications/Xcode.app/Contents/Developer/usr/bin/ibtool --errors --warnings --notices --module youtubeapp --output-partial-info-plist /Users/benjibenjamin/Library/Developer/Xcode/DerivedData/youtubeapp-eyxoijrdszbdjeaylqhcmxrhixmd/Build/Intermediates.noindex/ArchiveIntermediates/youtubeapp/IntermediateBuildFilesPath/youtubeapp.build/Release-iphoneos/youtubeapp.build/Base.lproj/LaunchScreen-SBPartialInfo.plist --auto-activate-custom-fonts --target-device iphone --target-device ipad --minimum-deployment-target 15.2 --output-format human-readable-text --compilation-directory /Users/benjibenjamin/Library/Developer/Xcode/DerivedData/youtubeapp-eyxoijrdszbdjeaylqhcmxrhixmd/Build/Intermediates.noindex/ArchiveIntermediates/youtubeapp/IntermediateBuildFilesPath/youtubeapp.build/Release-iphoneos/youtubeapp.build/Base.lproj /Users/benjibenjamin/Desktop/New\ Projects/youtubeapp/youtubeapp/Base.lproj/LaunchScreen.storyboard

CompileStoryboard /Users/benjibenjamin/Desktop/New\ Projects/youtubeapp/youtubeapp/Base.lproj/Main.storyboard (in target 'youtubeapp' from project 'youtubeapp')
    cd /Users/benjibenjamin/Desktop/New\ Projects/youtubeapp
    export XCODE_DEVELOPER_USR_PATH\=/Applications/Xcode.app/Contents/Developer/usr/bin/..
    /Applications/Xcode.app/Contents/Developer/usr/bin/ibtool --errors --warnings --notices --module youtubeapp --output-partial-info-plist /Users/benjibenjamin/Library/Developer/Xcode/DerivedData/youtubeapp-eyxoijrdszbdjeaylqhcmxrhixmd/Build/Intermediates.noindex/ArchiveIntermediates/youtubeapp/IntermediateBuildFilesPath/youtubeapp.build/Release-iphoneos/youtubeapp.build/Base.lproj/Main-SBPartialInfo.plist --auto-activate-custom-fonts --target-device iphone --target-device ipad --minimum-deployment-target 15.2 --output-format human-readable-text --compilation-directory /Users/benjibenjamin/Library/Developer/Xcode/DerivedData/youtubeapp-eyxoijrdszbdjeaylqhcmxrhixmd/Build/Intermediates.noindex/ArchiveIntermediates/youtubeapp/IntermediateBuildFilesPath/youtubeapp.build/Release-iphoneos/youtubeapp.build/Base.lproj /Users/benjibenjamin/Desktop/New\ Projects/youtubeapp/youtubeapp/Base.lproj/Main.storyboard

ProcessInfoPlistFile /Users/benjibenjamin/Library/Developer/Xcode/DerivedData/youtubeapp-eyxoijrdszbdjeaylqhcmxrhixmd/Build/Intermediates.noindex/ArchiveIntermediates/youtubeapp/InstallationBuildProductsLocation/Applications/youtubeapp.app/Info.plist /Users/benjibenjamin/Desktop/New\ Projects/youtubeapp/youtubeapp/Info.plist (in target 'youtubeapp' from project 'youtubeapp')
    cd /Users/benjibenjamin/Desktop/New\ Projects/youtubeapp
    builtin-infoPlistUtility /Users/benjibenjamin/Desktop/New\ Projects/youtubeapp/youtubeapp/Info.plist -producttype com.apple.product-type.application -genpkginfo /Users/benjibenjamin/Library/Developer/Xcode/DerivedData/youtubeapp-eyxoijrdszbdjeaylqhcmxrhixmd/Build/Intermediates.noindex/ArchiveIntermediates/youtubeapp/InstallationBuildProductsLocation/Applications/youtubeapp.app/PkgInfo -expandbuildsettings -format binary -platform iphoneos -additionalcontentfile /Users/benjibenjamin/Library/Developer/Xcode/DerivedData/youtubeapp-eyxoijrdszbdjeaylqhcmxrhixmd/Build/Intermediates.noindex/ArchiveIntermediates/youtubeapp/IntermediateBuildFilesPath/youtubeapp.build/Release-iphoneos/youtubeapp.build/Base.lproj/LaunchScreen-SBPartialInfo.plist -additionalcontentfile /Users/benjibenjamin/Library/Developer/Xcode/DerivedData/youtubeapp-eyxoijrdszbdjeaylqhcmxrhixmd/Build/Intermediates.noindex/ArchiveIntermediates/youtubeapp/IntermediateBuildFilesPath/youtubeapp.build/Release-iphoneos/youtubeapp.build/Base.lproj/Main-SBPartialInfo.plist -additionalcontentfile /Users/benjibenjamin/Library/Developer/Xcode/DerivedData/youtubeapp-eyxoijrdszbdjeaylqhcmxrhixmd/Build/Intermediates.noindex/ArchiveIntermediates/youtubeapp/IntermediateBuildFilesPath/youtubeapp.build/Release-iphoneos/youtubeapp.build/assetcatalog_generated_info.plist -requiredArchitecture arm64 -o /Users/benjibenjamin/Library/Developer/Xcode/DerivedData/youtubeapp-eyxoijrdszbdjeaylqhcmxrhixmd/Build/Intermediates.noindex/ArchiveIntermediates/youtubeapp/InstallationBuildProductsLocation/Applications/youtubeapp.app/Info.plist

LinkStoryboards (in target 'youtubeapp' from project 'youtubeapp')
    cd /Users/benjibenjamin/Desktop/New\ Projects/youtubeapp
    export XCODE_DEVELOPER_USR_PATH\=/Applications/Xcode.app/Contents/Developer/usr/bin/..
    /Applications/Xcode.app/Contents/Developer/usr/bin/ibtool --errors --warnings --notices --module youtubeapp --target-device iphone --target-device ipad --minimum-deployment-target 15.2 --output-format human-readable-text --link /Users/benjibenjamin/Library/Developer/Xcode/DerivedData/youtubeapp-eyxoijrdszbdjeaylqhcmxrhixmd/Build/Intermediates.noindex/ArchiveIntermediates/youtubeapp/InstallationBuildProductsLocation/Applications/youtubeapp.app /Users/benjibenjamin/Library/Developer/Xcode/DerivedData/youtubeapp-eyxoijrdszbdjeaylqhcmxrhixmd/Build/Intermediates.noindex/ArchiveIntermediates/youtubeapp/IntermediateBuildFilesPath/youtubeapp.build/Release-iphoneos/youtubeapp.build/Base.lproj/LaunchScreen.storyboardc /Users/benjibenjamin/Library/Developer/Xcode/DerivedData/youtubeapp-eyxoijrdszbdjeaylqhcmxrhixmd/Build/Intermediates.noindex/ArchiveIntermediates/youtubeapp/IntermediateBuildFilesPath/youtubeapp.build/Release-iphoneos/youtubeapp.build/Base.lproj/Main.storyboardc

GenerateDSYMFile /Users/benjibenjamin/Library/Developer/Xcode/DerivedData/youtubeapp-eyxoijrdszbdjeaylqhcmxrhixmd/Build/Intermediates.noindex/ArchiveIntermediates/youtubeapp/BuildProductsPath/Release-iphoneos/youtubeapp.app.dSYM /Users/benjibenjamin/Library/Developer/Xcode/DerivedData/youtubeapp-eyxoijrdszbdjeaylqhcmxrhixmd/Build/Intermediates.noindex/ArchiveIntermediates/youtubeapp/InstallationBuildProductsLocation/Applications/youtubeapp.app/youtubeapp (in target 'youtubeapp' from project 'youtubeapp')
    cd /Users/benjibenjamin/Desktop/New\ Projects/youtubeapp
    /Applications/Xcode.app/Contents/Developer/Toolchains/XcodeDefault.xctoolchain/usr/bin/dsymutil /Users/benjibenjamin/Library/Developer/Xcode/DerivedData/youtubeapp-eyxoijrdszbdjeaylqhcmxrhixmd/Build/Intermediates.noindex/ArchiveIntermediates/youtubeapp/InstallationBuildProductsLocation/Applications/youtubeapp.app/youtubeapp -o /Users/benjibenjamin/Library/Developer/Xcode/DerivedData/youtubeapp-eyxoijrdszbdjeaylqhcmxrhixmd/Build/Intermediates.noindex/ArchiveIntermediates/youtubeapp/BuildProductsPath/Release-iphoneos/youtubeapp.app.dSYM

CopySwiftLibs /Users/benjibenjamin/Library/Developer/Xcode/DerivedData/youtubeapp-eyxoijrdszbdjeaylqhcmxrhixmd/Build/Intermediates.noindex/ArchiveIntermediates/youtubeapp/InstallationBuildProductsLocation/Applications/youtubeapp.app (in target 'youtubeapp' from project 'youtubeapp')
    cd /Users/benjibenjamin/Desktop/New\ Projects/youtubeapp
    export CODESIGN_ALLOCATE\=/Applications/Xcode.app/Contents/Developer/Toolchains/XcodeDefault.xctoolchain/usr/bin/codesign_allocate
    export DEVELOPER_DIR\=/Applications/Xcode.app/Contents/Developer
    export SDKROOT\=/Applications/Xcode.app/Contents/Developer/Platforms/iPhoneOS.platform/Developer/SDKs/iPhoneOS15.2.sdk
    builtin-swiftStdLibTool --copy --verbose --sign 52C3F3EDA9481C8A8BB65F8D6287CF87EA0BA93B --scan-executable /Users/benjibenjamin/Library/Developer/Xcode/DerivedData/youtubeapp-eyxoijrdszbdjeaylqhcmxrhixmd/Build/Intermediates.noindex/ArchiveIntermediates/youtubeapp/InstallationBuildProductsLocation/Applications/youtubeapp.app/youtubeapp --scan-folder /Users/benjibenjamin/Library/Developer/Xcode/DerivedData/youtubeapp-eyxoijrdszbdjeaylqhcmxrhixmd/Build/Intermediates.noindex/ArchiveIntermediates/youtubeapp/InstallationBuildProductsLocation/Applications/youtubeapp.app/Frameworks --scan-folder /Users/benjibenjamin/Library/Developer/Xcode/DerivedData/youtubeapp-eyxoijrdszbdjeaylqhcmxrhixmd/Build/Intermediates.noindex/ArchiveIntermediates/youtubeapp/InstallationBuildProductsLocation/Applications/youtubeapp.app/PlugIns --platform iphoneos --toolchain /Applications/Xcode.app/Contents/Developer/Toolchains/XcodeDefault.xctoolchain --destination /Users/benjibenjamin/Library/Developer/Xcode/DerivedData/youtubeapp-eyxoijrdszbdjeaylqhcmxrhixmd/Build/Intermediates.noindex/ArchiveIntermediates/youtubeapp/InstallationBuildProductsLocation/Applications/youtubeapp.app/Frameworks --unsigned-destination /Users/benjibenjamin/Library/Developer/Xcode/DerivedData/youtubeapp-eyxoijrdszbdjeaylqhcmxrhixmd/Build/Intermediates.noindex/ArchiveIntermediates/youtubeapp/BuildProductsPath/SwiftSupport --emit-dependency-info /Users/benjibenjamin/Library/Developer/Xcode/DerivedData/youtubeapp-eyxoijrdszbdjeaylqhcmxrhixmd/Build/Intermediates.noindex/ArchiveIntermediates/youtubeapp/IntermediateBuildFilesPath/youtubeapp.build/Release-iphoneos/youtubeapp.build/SwiftStdLibToolInputDependencies.dep --filter-for-swift-os

Strip /Users/benjibenjamin/Library/Developer/Xcode/DerivedData/youtubeapp-eyxoijrdszbdjeaylqhcmxrhixmd/Build/Intermediates.noindex/ArchiveIntermediates/youtubeapp/InstallationBuildProductsLocation/Applications/youtubeapp.app/youtubeapp (in target 'youtubeapp' from project 'youtubeapp')
    cd /Users/benjibenjamin/Desktop/New\ Projects/youtubeapp
    /Applications/Xcode.app/Contents/Developer/Toolchains/XcodeDefault.xctoolchain/usr/bin/strip /Users/benjibenjamin/Library/Developer/Xcode/DerivedData/youtubeapp-eyxoijrdszbdjeaylqhcmxrhixmd/Build/Intermediates.noindex/ArchiveIntermediates/youtubeapp/InstallationBuildProductsLocation/Applications/youtubeapp.app/youtubeapp

SetOwnerAndGroup benjibenjamin:staff /Users/benjibenjamin/Library/Developer/Xcode/DerivedData/youtubeapp-eyxoijrdszbdjeaylqhcmxrhixmd/Build/Intermediates.noindex/ArchiveIntermediates/youtubeapp/InstallationBuildProductsLocation/Applications/youtubeapp.app (in target 'youtubeapp' from project 'youtubeapp')
    cd /Users/benjibenjamin/Desktop/New\ Projects/youtubeapp
    /usr/sbin/chown -RH benjibenjamin:staff /Users/benjibenjamin/Library/Developer/Xcode/DerivedData/youtubeapp-eyxoijrdszbdjeaylqhcmxrhixmd/Build/Intermediates.noindex/ArchiveIntermediates/youtubeapp/InstallationBuildProductsLocation/Applications/youtubeapp.app

SetMode u+w,go-w,a+rX /Users/benjibenjamin/Library/Developer/Xcode/DerivedData/youtubeapp-eyxoijrdszbdjeaylqhcmxrhixmd/Build/Intermediates.noindex/ArchiveIntermediates/youtubeapp/InstallationBuildProductsLocation/Applications/youtubeapp.app (in target 'youtubeapp' from project 'youtubeapp')
    cd /Users/benjibenjamin/Desktop/New\ Projects/youtubeapp
    /bin/chmod -RH u+w,go-w,a+rX /Users/benjibenjamin/Library/Developer/Xcode/DerivedData/youtubeapp-eyxoijrdszbdjeaylqhcmxrhixmd/Build/Intermediates.noindex/ArchiveIntermediates/youtubeapp/InstallationBuildProductsLocation/Applications/youtubeapp.app

CodeSign /Users/benjibenjamin/Library/Developer/Xcode/DerivedData/youtubeapp-eyxoijrdszbdjeaylqhcmxrhixmd/Build/Intermediates.noindex/ArchiveIntermediates/youtubeapp/InstallationBuildProductsLocation/Applications/youtubeapp.app (in target 'youtubeapp' from project 'youtubeapp')
    cd /Users/benjibenjamin/Desktop/New\ Projects/youtubeapp
    export CODESIGN_ALLOCATE\=/Applications/Xcode.app/Contents/Developer/Toolchains/XcodeDefault.xctoolchain/usr/bin/codesign_allocate
    
    Signing Identity:     "Apple Development: thespunone@gmail.com (98QZYL7UWG)"
    Provisioning Profile: "iOS Team Provisioning Profile: com.benglobal"
                          (4498467a-0494-4726-8cbe-5287092e330c)
    
    /usr/bin/codesign --force --sign 52C3F3EDA9481C8A8BB65F8D6287CF87EA0BA93B --entitlements /Users/benjibenjamin/Library/Developer/Xcode/DerivedData/youtubeapp-eyxoijrdszbdjeaylqhcmxrhixmd/Build/Intermediates.noindex/ArchiveIntermediates/youtubeapp/IntermediateBuildFilesPath/youtubeapp.build/Release-iphoneos/youtubeapp.build/youtubeapp.app.xcent --generate-entitlement-der /Users/benjibenjamin/Library/Developer/Xcode/DerivedData/youtubeapp-eyxoijrdszbdjeaylqhcmxrhixmd/Build/Intermediates.noindex/ArchiveIntermediates/youtubeapp/InstallationBuildProductsLocation/Applications/youtubeapp.app

RegisterExecutionPolicyException /Users/benjibenjamin/Library/Developer/Xcode/DerivedData/youtubeapp-eyxoijrdszbdjeaylqhcmxrhixmd/Build/Intermediates.noindex/ArchiveIntermediates/youtubeapp/InstallationBuildProductsLocation/Applications/youtubeapp.app (in target 'youtubeapp' from project 'youtubeapp')
    cd /Users/benjibenjamin/Desktop/New\ Projects/youtubeapp
    builtin-RegisterExecutionPolicyException /Users/benjibenjamin/Library/Developer/Xcode/DerivedData/youtubeapp-eyxoijrdszbdjeaylqhcmxrhixmd/Build/Intermediates.noindex/ArchiveIntermediates/youtubeapp/InstallationBuildProductsLocation/Applications/youtubeapp.app

Validate /Users/benjibenjamin/Library/Developer/Xcode/DerivedData/youtubeapp-eyxoijrdszbdjeaylqhcmxrhixmd/Build/Intermediates.noindex/ArchiveIntermediates/youtubeapp/InstallationBuildProductsLocation/Applications/youtubeapp.app (in target 'youtubeapp' from project 'youtubeapp')
    cd /Users/benjibenjamin/Desktop/New\ Projects/youtubeapp
    builtin-validationUtility /Users/benjibenjamin/Library/Developer/Xcode/DerivedData/youtubeapp-eyxoijrdszbdjeaylqhcmxrhixmd/Build/Intermediates.noindex/ArchiveIntermediates/youtubeapp/InstallationBuildProductsLocation/Applications/youtubeapp.app

Touch /Users/benjibenjamin/Library/Developer/Xcode/DerivedData/youtubeapp-eyxoijrdszbdjeaylqhcmxrhixmd/Build/Intermediates.noindex/ArchiveIntermediates/youtubeapp/InstallationBuildProductsLocation/Applications/youtubeapp.app (in target 'youtubeapp' from project 'youtubeapp')
    cd /Users/benjibenjamin/Desktop/New\ Projects/youtubeapp
    /usr/bin/touch -c /Users/benjibenjamin/Library/Developer/Xcode/DerivedData/youtubeapp-eyxoijrdszbdjeaylqhcmxrhixmd/Build/Intermediates.noindex/ArchiveIntermediates/youtubeapp/InstallationBuildProductsLocation/Applications/youtubeapp.app

** ARCHIVE SUCCEEDED **